  [1m[35m (310.1ms)[0m  [1m[35mCREATE DATABASE "music_app_development" ENCODING = 'unicode'[0m
  [1m[35m (227.4ms)[0m  [1m[35mCREATE DATABASE "music_app_test" ENCODING = 'unicode'[0m
  [1m[35m (16.9ms)[0m  [1m[35mCREATE TABLE "schema_migrations" ("version" character varying NOT NULL PRIMARY KEY)[0m
  [1m[35m (12.2ms)[0m  [1m[35mCREATE TABLE "ar_internal_metadata" ("key" character varying NOT NULL PRIMARY KEY, "value" character varying, "created_at" timestamp(6) NOT NULL, "updated_at" timestamp(6) NOT NULL)[0m
  [1m[35m (0.6ms)[0m  [1m[34mSELECT pg_try_advisory_lock(4505726345591715405)[0m
  [1m[36mActiveRecord::SchemaMigration Pluck (0.8ms)[0m  [1m[34mSELECT "schema_migrations"."version" FROM "schema_migrations" ORDER BY "schema_migrations"."version" ASC[0m
Migrating to CreateUsers (20230613162848)
  [1m[36mTRANSACTION (0.3ms)[0m  [1m[35mBEGIN[0m
  [1m[35m (12.3ms)[0m  [1m[35mCREATE TABLE "users" ("id" bigserial primary key, "email" character varying NOT NULL, "password_digest" character varying NOT NULL, "session_token" character varying NOT NULL, "created_at" timestamp(6) NOT NULL, "updated_at" timestamp(6) NOT NULL)[0m
  [1m[35m (4.1ms)[0m  [1m[35mCREATE INDEX "index_users_on_session_token" ON "users" ("session_token")[0m
  [1m[36mActiveRecord::SchemaMigration Create (1.2ms)[0m  [1m[32mINSERT INTO "schema_migrations" ("version") VALUES ($1) RETURNING "version"[0m  [["version", "20230613162848"]]
  [1m[36mTRANSACTION (2.5ms)[0m  [1m[35mCOMMIT[0m
  [1m[36mActiveRecord::InternalMetadata Load (0.7ms)[0m  [1m[34mSELECT "ar_internal_metadata".* FROM "ar_internal_metadata" WHERE "ar_internal_metadata"."key" = $1 LIMIT $2[0m  [["key", "environment"], ["LIMIT", 1]]
  [1m[36mTRANSACTION (0.3ms)[0m  [1m[35mBEGIN[0m
  [1m[36mActiveRecord::InternalMetadata Create (1.4ms)[0m  [1m[32mINSERT INTO "ar_internal_metadata" ("key", "value", "created_at", "updated_at") VALUES ($1, $2, $3, $4) RETURNING "key"[0m  [["key", "environment"], ["value", "development"], ["created_at", "2023-06-13 16:30:57.611166"], ["updated_at", "2023-06-13 16:30:57.611166"]]
  [1m[36mTRANSACTION (2.1ms)[0m  [1m[35mCOMMIT[0m
  [1m[35m (0.5ms)[0m  [1m[34mSELECT pg_advisory_unlock(4505726345591715405)[0m
  [1m[36mActiveRecord::SchemaMigration Pluck (1.0ms)[0m  [1m[34mSELECT "schema_migrations"."version" FROM "schema_migrations" ORDER BY "schema_migrations"."version" ASC[0m
  [1m[35m (0.6ms)[0m  [1m[34mSELECT pg_try_advisory_lock(4505726345591715405)[0m
  [1m[36mActiveRecord::SchemaMigration Pluck (0.9ms)[0m  [1m[34mSELECT "schema_migrations"."version" FROM "schema_migrations" ORDER BY "schema_migrations"."version" ASC[0m
Migrating to AddIndexToEmail (20230613170933)
  [1m[36mTRANSACTION (0.4ms)[0m  [1m[35mBEGIN[0m
  [1m[35m (24.9ms)[0m  [1m[35mCREATE INDEX "index_users_on_email" ON "users" ("email")[0m
  [1m[36mActiveRecord::SchemaMigration Create (0.8ms)[0m  [1m[32mINSERT INTO "schema_migrations" ("version") VALUES ($1) RETURNING "version"[0m  [["version", "20230613170933"]]
  [1m[36mTRANSACTION (2.4ms)[0m  [1m[35mCOMMIT[0m
  [1m[36mActiveRecord::InternalMetadata Load (0.8ms)[0m  [1m[34mSELECT "ar_internal_metadata".* FROM "ar_internal_metadata" WHERE "ar_internal_metadata"."key" = $1 LIMIT $2[0m  [["key", "environment"], ["LIMIT", 1]]
  [1m[35m (0.6ms)[0m  [1m[34mSELECT pg_advisory_unlock(4505726345591715405)[0m
  [1m[36mActiveRecord::SchemaMigration Pluck (1.0ms)[0m  [1m[34mSELECT "schema_migrations"."version" FROM "schema_migrations" ORDER BY "schema_migrations"."version" ASC[0m
Started GET "/sessions/new" for ::1 at 2023-06-13 13:14:40 -0400
  [1m[36mActiveRecord::SchemaMigration Pluck (1.1ms)[0m  [1m[34mSELECT "schema_migrations"."version" FROM "schema_migrations" ORDER BY "schema_migrations"."version" ASC[0m
  
ActionController::RoutingError (No route matches [GET] "/sessions/new"):
  
Started GET "/users/new" for ::1 at 2023-06-13 13:14:44 -0400
  
ActionController::RoutingError (No route matches [GET] "/users/new"):
  
Started GET "/users/new" for ::1 at 2023-06-13 13:14:45 -0400
  
ActionController::RoutingError (No route matches [GET] "/users/new"):
  
Started GET "/users/new" for ::1 at 2023-06-13 13:15:28 -0400

ActionController::RoutingError - uninitialized constant UsersController
      Object.const_get(camel_cased_word)
            ^^^^^^^^^^
Did you mean?  UserController
            raise MissingController.new(error.message, error.name)
            ^^^^^:

Started POST "/__better_errors/bcf1abe236f1861a/variables" for ::1 at 2023-06-13 13:15:28 -0400
Started GET "/users/new" for ::1 at 2023-06-13 13:15:59 -0400

ActionController::RoutingError - uninitialized constant UsersController
      Object.const_get(camel_cased_word)
            ^^^^^^^^^^
Did you mean?  UserController
            raise MissingController.new(error.message, error.name)
            ^^^^^:

Started POST "/__better_errors/e7a95b29661aaf6e/variables" for ::1 at 2023-06-13 13:15:59 -0400
Started GET "/users/new" for ::1 at 2023-06-13 13:16:05 -0400

SyntaxError - syntax error, unexpected end-of-input, expecting `end':
  app/controllers/users_controller.rb:9:in `'

Started POST "/__better_errors/d8d49342eb3459dc/variables" for ::1 at 2023-06-13 13:16:05 -0400
Started GET "/users/new" for ::1 at 2023-06-13 13:16:18 -0400
Processing by UsersController#new as HTML
  Rendering layout layouts/application.html.erb
  Rendering users/new.html.erb within layouts/application
  Rendered users/new.html.erb within layouts/application (Duration: 0.6ms | Allocations: 113)
  Rendered layout layouts/application.html.erb (Duration: 33.2ms | Allocations: 6513)
Completed 200 OK in 66ms (Views: 37.4ms | ActiveRecord: 8.7ms | Allocations: 12991)


Started GET "/users/new" for ::1 at 2023-06-13 13:18:15 -0400
Processing by UsersController#new as HTML
  Rendering layout layouts/application.html.erb
  Rendering users/new.html.erb within layouts/application
  Rendered users/new.html.erb within layouts/application (Duration: 50.7ms | Allocations: 1538)
  Rendered layout layouts/application.html.erb (Duration: 51.5ms | Allocations: 1635)
Completed 500 Internal Server Error in 57ms (ActiveRecord: 0.0ms | Allocations: 2435)



NoMethodError - undefined method `email' for nil:NilClass:
  app/views/users/new.html.erb:3
  app/controllers/users_controller.rb:4:in `new'

Started POST "/__better_errors/4338f5198a552c4b/variables" for ::1 at 2023-06-13 13:18:15 -0400
Started GET "/users/new" for ::1 at 2023-06-13 13:18:26 -0400
Processing by UsersController#new as HTML
  Rendering layout layouts/application.html.erb
  Rendering users/new.html.erb within layouts/application
  Rendered users/new.html.erb within layouts/application (Duration: 2.3ms | Allocations: 801)
  Rendered layout layouts/application.html.erb (Duration: 2.8ms | Allocations: 890)
Completed 500 Internal Server Error in 7ms (ActiveRecord: 0.0ms | Allocations: 1672)



NoMethodError - undefined method `email' for nil:NilClass:
  app/views/users/new.html.erb:3
  app/controllers/users_controller.rb:4:in `new'

Started POST "/__better_errors/f15309237be80355/variables" for ::1 at 2023-06-13 13:18:26 -0400
Started GET "/users/new" for ::1 at 2023-06-13 13:18:30 -0400
Processing by UsersController#new as HTML
  Rendering layout layouts/application.html.erb
  Rendering users/new.html.erb within layouts/application
  Rendered users/new.html.erb within layouts/application (Duration: 1.8ms | Allocations: 659)
  Rendered layout layouts/application.html.erb (Duration: 2.5ms | Allocations: 738)
Completed 500 Internal Server Error in 4ms (ActiveRecord: 0.0ms | Allocations: 959)



NoMethodError - undefined method `email' for nil:NilClass:
  app/views/users/new.html.erb:3
  app/controllers/users_controller.rb:4:in `new'

Started POST "/__better_errors/bfe87a0b6533ae57/variables" for ::1 at 2023-06-13 13:18:30 -0400
Started GET "/users/new" for ::1 at 2023-06-13 13:19:02 -0400
Processing by UsersController#new as HTML
  Rendering layout layouts/application.html.erb
  Rendering users/new.html.erb within layouts/application
  Rendered users/new.html.erb within layouts/application (Duration: 2.3ms | Allocations: 659)
  Rendered layout layouts/application.html.erb (Duration: 2.9ms | Allocations: 738)
Completed 500 Internal Server Error in 4ms (ActiveRecord: 0.0ms | Allocations: 932)



NoMethodError - undefined method `email' for nil:NilClass:
  app/views/users/new.html.erb:3
  app/controllers/users_controller.rb:4:in `new'

Started POST "/__better_errors/ee703cb50c4e115e/variables" for ::1 at 2023-06-13 13:19:02 -0400
Started GET "/users/new" for ::1 at 2023-06-13 13:19:03 -0400
Processing by UsersController#new as HTML
  Rendering layout layouts/application.html.erb
  Rendering users/new.html.erb within layouts/application
  Rendered users/new.html.erb within layouts/application (Duration: 1.8ms | Allocations: 659)
  Rendered layout layouts/application.html.erb (Duration: 2.5ms | Allocations: 739)
Completed 500 Internal Server Error in 4ms (ActiveRecord: 0.0ms | Allocations: 943)



NoMethodError - undefined method `email' for nil:NilClass:
  app/views/users/new.html.erb:3
  app/controllers/users_controller.rb:4:in `new'

Started POST "/__better_errors/e8784156094bc5e1/variables" for ::1 at 2023-06-13 13:19:03 -0400
Started GET "/users/new" for ::1 at 2023-06-13 13:20:33 -0400
Processing by UsersController#new as HTML
  Rendering layout layouts/application.html.erb
  Rendering users/new.html.erb within layouts/application
  Rendered users/new.html.erb within layouts/application (Duration: 2.5ms | Allocations: 920)
  Rendered layout layouts/application.html.erb (Duration: 2.9ms | Allocations: 1008)
Completed 500 Internal Server Error in 7ms (ActiveRecord: 0.0ms | Allocations: 1758)



NoMethodError - undefined method `email' for nil:NilClass:
  app/views/users/new.html.erb:3
  app/controllers/users_controller.rb:4:in `new'

Started POST "/__better_errors/19d79c34082ffcb9/variables" for ::1 at 2023-06-13 13:20:33 -0400
Started GET "/users/new" for ::1 at 2023-06-13 13:20:34 -0400
Processing by UsersController#new as HTML
  Rendering layout layouts/application.html.erb
  Rendering users/new.html.erb within layouts/application
  Rendered users/new.html.erb within layouts/application (Duration: 2.2ms | Allocations: 689)
  Rendered layout layouts/application.html.erb (Duration: 2.7ms | Allocations: 768)
Completed 500 Internal Server Error in 5ms (ActiveRecord: 0.0ms | Allocations: 989)



NoMethodError - undefined method `email' for nil:NilClass:
  app/views/users/new.html.erb:3
  app/controllers/users_controller.rb:4:in `new'

Started POST "/__better_errors/a9149996cd07d9d9/variables" for ::1 at 2023-06-13 13:20:34 -0400
Started GET "/users/new" for ::1 at 2023-06-13 13:20:35 -0400
Processing by UsersController#new as HTML
  Rendering layout layouts/application.html.erb
  Rendering users/new.html.erb within layouts/application
  Rendered users/new.html.erb within layouts/application (Duration: 2.5ms | Allocations: 689)
  Rendered layout layouts/application.html.erb (Duration: 3.1ms | Allocations: 768)
Completed 500 Internal Server Error in 5ms (ActiveRecord: 0.0ms | Allocations: 963)



NoMethodError - undefined method `email' for nil:NilClass:
  app/views/users/new.html.erb:3
  app/controllers/users_controller.rb:4:in `new'

Started POST "/__better_errors/70659bdeb643bb6b/variables" for ::1 at 2023-06-13 13:20:35 -0400
Started GET "/users/new" for ::1 at 2023-06-13 13:21:16 -0400
Processing by UsersController#new as HTML
  Rendering layout layouts/application.html.erb
  Rendering users/new.html.erb within layouts/application
  Rendered users/new.html.erb within layouts/application (Duration: 3.3ms | Allocations: 869)
  Rendered layout layouts/application.html.erb (Duration: 3.8ms | Allocations: 957)
Completed 500 Internal Server Error in 8ms (ActiveRecord: 0.0ms | Allocations: 1706)



NoMethodError - undefined method `email' for nil:NilClass:
  app/views/users/new.html.erb:3
  app/controllers/users_controller.rb:4:in `new'

Started POST "/__better_errors/eec7e4488c7353bb/variables" for ::1 at 2023-06-13 13:21:16 -0400
Started GET "/users/new" for ::1 at 2023-06-13 13:21:17 -0400
Processing by UsersController#new as HTML
  Rendering layout layouts/application.html.erb
  Rendering users/new.html.erb within layouts/application
  Rendered users/new.html.erb within layouts/application (Duration: 2.1ms | Allocations: 689)
  Rendered layout layouts/application.html.erb (Duration: 2.7ms | Allocations: 768)
Completed 500 Internal Server Error in 5ms (ActiveRecord: 0.0ms | Allocations: 989)



NoMethodError - undefined method `email' for nil:NilClass:
  app/views/users/new.html.erb:3
  app/controllers/users_controller.rb:4:in `new'

Started POST "/__better_errors/cee2aa5c2a928efa/variables" for ::1 at 2023-06-13 13:21:17 -0400
Started GET "/users/new" for ::1 at 2023-06-13 13:21:17 -0400
Processing by UsersController#new as HTML
  Rendering layout layouts/application.html.erb
  Rendering users/new.html.erb within layouts/application
  Rendered users/new.html.erb within layouts/application (Duration: 2.7ms | Allocations: 689)
  Rendered layout layouts/application.html.erb (Duration: 3.3ms | Allocations: 768)
Completed 500 Internal Server Error in 5ms (ActiveRecord: 0.0ms | Allocations: 962)



NoMethodError - undefined method `email' for nil:NilClass:
  app/views/users/new.html.erb:3
  app/controllers/users_controller.rb:4:in `new'

Started POST "/__better_errors/04188b6fbcfe1958/variables" for ::1 at 2023-06-13 13:21:17 -0400
Started GET "/users/new" for ::1 at 2023-06-13 13:21:17 -0400
Processing by UsersController#new as HTML
  Rendering layout layouts/application.html.erb
  Rendering users/new.html.erb within layouts/application
  Rendered users/new.html.erb within layouts/application (Duration: 2.2ms | Allocations: 689)
  Rendered layout layouts/application.html.erb (Duration: 2.8ms | Allocations: 768)
Completed 500 Internal Server Error in 5ms (ActiveRecord: 0.0ms | Allocations: 962)



NoMethodError - undefined method `email' for nil:NilClass:
  app/views/users/new.html.erb:3
  app/controllers/users_controller.rb:4:in `new'

Started POST "/__better_errors/5ce750bb684e8223/variables" for ::1 at 2023-06-13 13:21:18 -0400
Started GET "/users/new" for ::1 at 2023-06-13 13:21:18 -0400
Processing by UsersController#new as HTML
  Rendering layout layouts/application.html.erb
  Rendering users/new.html.erb within layouts/application
  Rendered users/new.html.erb within layouts/application (Duration: 2.1ms | Allocations: 689)
  Rendered layout layouts/application.html.erb (Duration: 3.0ms | Allocations: 768)
Completed 500 Internal Server Error in 5ms (ActiveRecord: 0.0ms | Allocations: 963)



NoMethodError - undefined method `email' for nil:NilClass:
  app/views/users/new.html.erb:3
  app/controllers/users_controller.rb:4:in `new'

Started POST "/__better_errors/18d241f06c07419c/variables" for ::1 at 2023-06-13 13:21:18 -0400
Started GET "/users/new" for ::1 at 2023-06-13 13:21:18 -0400
Processing by UsersController#new as HTML
  Rendering layout layouts/application.html.erb
  Rendering users/new.html.erb within layouts/application
  Rendered users/new.html.erb within layouts/application (Duration: 2.5ms | Allocations: 689)
  Rendered layout layouts/application.html.erb (Duration: 3.1ms | Allocations: 768)
Completed 500 Internal Server Error in 5ms (ActiveRecord: 0.0ms | Allocations: 962)



NoMethodError - undefined method `email' for nil:NilClass:
  app/views/users/new.html.erb:3
  app/controllers/users_controller.rb:4:in `new'

Started POST "/__better_errors/4b802d166163c46f/variables" for ::1 at 2023-06-13 13:21:18 -0400
Started GET "/users/new" for ::1 at 2023-06-13 13:22:03 -0400
Processing by UsersController#new as HTML
  Rendering layout layouts/application.html.erb
  Rendering users/new.html.erb within layouts/application
  Rendered users/new.html.erb within layouts/application (Duration: 3.7ms | Allocations: 874)
  Rendered layout layouts/application.html.erb (Duration: 4.3ms | Allocations: 962)
Completed 500 Internal Server Error in 8ms (Allocations: 1705)



NoMethodError - undefined method `email' for nil:NilClass:
  app/views/users/new.html.erb:3
  app/controllers/users_controller.rb:4:in `new'

Started POST "/__better_errors/4e0793908218d567/variables" for ::1 at 2023-06-13 13:22:03 -0400
Started GET "/users/new" for ::1 at 2023-06-13 13:22:04 -0400
Processing by UsersController#new as HTML
  Rendering layout layouts/application.html.erb
  Rendering users/new.html.erb within layouts/application
  Rendered users/new.html.erb within layouts/application (Duration: 2.5ms | Allocations: 691)
  Rendered layout layouts/application.html.erb (Duration: 3.1ms | Allocations: 770)
Completed 500 Internal Server Error in 5ms (Allocations: 988)



NoMethodError - undefined method `email' for nil:NilClass:
  app/views/users/new.html.erb:3
  app/controllers/users_controller.rb:4:in `new'

Started POST "/__better_errors/9629c2d31421b60b/variables" for ::1 at 2023-06-13 13:22:05 -0400
Started GET "/users/new" for ::1 at 2023-06-13 13:22:05 -0400
Processing by UsersController#new as HTML
  Rendering layout layouts/application.html.erb
  Rendering users/new.html.erb within layouts/application
  Rendered users/new.html.erb within layouts/application (Duration: 2.4ms | Allocations: 691)
  Rendered layout layouts/application.html.erb (Duration: 2.8ms | Allocations: 770)
Completed 500 Internal Server Error in 4ms (Allocations: 962)



NoMethodError - undefined method `email' for nil:NilClass:
  app/views/users/new.html.erb:3
  app/controllers/users_controller.rb:4:in `new'

Started POST "/__better_errors/45244cc927bae7d0/variables" for ::1 at 2023-06-13 13:22:05 -0400
Started GET "/users/new" for ::1 at 2023-06-13 13:22:05 -0400
Processing by UsersController#new as HTML
  Rendering layout layouts/application.html.erb
  Rendering users/new.html.erb within layouts/application
  Rendered users/new.html.erb within layouts/application (Duration: 2.2ms | Allocations: 691)
  Rendered layout layouts/application.html.erb (Duration: 2.9ms | Allocations: 770)
Completed 500 Internal Server Error in 6ms (Allocations: 962)



NoMethodError - undefined method `email' for nil:NilClass:
  app/views/users/new.html.erb:3
  app/controllers/users_controller.rb:4:in `new'

Started POST "/__better_errors/c3637e453c1f51bf/variables" for ::1 at 2023-06-13 13:22:05 -0400
Started GET "/users/new" for ::1 at 2023-06-13 13:22:05 -0400
Processing by UsersController#new as HTML
  Rendering layout layouts/application.html.erb
  Rendering users/new.html.erb within layouts/application
  Rendered users/new.html.erb within layouts/application (Duration: 2.2ms | Allocations: 691)
  Rendered layout layouts/application.html.erb (Duration: 2.7ms | Allocations: 770)
Completed 500 Internal Server Error in 4ms (Allocations: 962)



NoMethodError - undefined method `email' for nil:NilClass:
  app/views/users/new.html.erb:3
  app/controllers/users_controller.rb:4:in `new'

Started POST "/__better_errors/f6c5771b7d4142f4/variables" for ::1 at 2023-06-13 13:22:05 -0400
Started GET "/users/new" for ::1 at 2023-06-13 13:22:05 -0400
Processing by UsersController#new as HTML
  Rendering layout layouts/application.html.erb
  Rendering users/new.html.erb within layouts/application
  Rendered users/new.html.erb within layouts/application (Duration: 2.5ms | Allocations: 691)
  Rendered layout layouts/application.html.erb (Duration: 3.1ms | Allocations: 770)
Completed 500 Internal Server Error in 5ms (Allocations: 963)



NoMethodError - undefined method `email' for nil:NilClass:
  app/views/users/new.html.erb:3
  app/controllers/users_controller.rb:4:in `new'

Started POST "/__better_errors/95d678a9ee49b053/variables" for ::1 at 2023-06-13 13:22:05 -0400
Started GET "/users/new" for ::1 at 2023-06-13 13:23:05 -0400
Processing by UsersController#new as HTML
  Rendering layout layouts/application.html.erb
  Rendering users/new.html.erb within layouts/application
  Rendered users/new.html.erb within layouts/application (Duration: 3.1ms | Allocations: 872)
  Rendered layout layouts/application.html.erb (Duration: 3.7ms | Allocations: 960)
Completed 500 Internal Server Error in 8ms (Allocations: 1702)



NoMethodError - undefined method `email' for nil:NilClass:
  app/views/users/new.html.erb:3
  app/controllers/users_controller.rb:4:in `new'

Started POST "/__better_errors/47eaa77b9f586a33/variables" for ::1 at 2023-06-13 13:23:05 -0400
Started GET "/users/new" for ::1 at 2023-06-13 13:23:50 -0400
Processing by UsersController#new as HTML
  Rendering layout layouts/application.html.erb
  Rendering users/new.html.erb within layouts/application
  Rendered users/new.html.erb within layouts/application (Duration: 4.3ms | Allocations: 871)
  Rendered layout layouts/application.html.erb (Duration: 6.1ms | Allocations: 959)
Completed 500 Internal Server Error in 11ms (Allocations: 1728)



NoMethodError - undefined method `email' for nil:NilClass:
  app/views/users/new.html.erb:3
  app/controllers/users_controller.rb:4:in `new'

Started POST "/__better_errors/bc84a58a759412ff/variables" for ::1 at 2023-06-13 13:23:50 -0400
Started GET "/users/new" for ::1 at 2023-06-13 13:23:51 -0400
Processing by UsersController#new as HTML
  Rendering layout layouts/application.html.erb
  Rendering users/new.html.erb within layouts/application
  Rendered users/new.html.erb within layouts/application (Duration: 2.1ms | Allocations: 691)
  Rendered layout layouts/application.html.erb (Duration: 2.7ms | Allocations: 770)
Completed 500 Internal Server Error in 4ms (Allocations: 988)



NoMethodError - undefined method `email' for nil:NilClass:
  app/views/users/new.html.erb:3
  app/controllers/users_controller.rb:4:in `new'

Started POST "/__better_errors/20b2b186591db50c/variables" for ::1 at 2023-06-13 13:23:52 -0400
Started GET "/users/new" for ::1 at 2023-06-13 13:24:23 -0400
Processing by UsersController#new as HTML
  Rendering layout layouts/application.html.erb
  Rendering users/new.html.erb within layouts/application
  Rendered users/new.html.erb within layouts/application (Duration: 1.2ms | Allocations: 206)
  Rendered layout layouts/application.html.erb (Duration: 8.5ms | Allocations: 1798)
Completed 200 OK in 13ms (Views: 12.0ms | Allocations: 2566)


Started POST "/users" for ::1 at 2023-06-13 13:24:25 -0400
Processing by UsersController#create as HTML
  Parameters: {"users"=>{"email"=>"help"}}
Can't verify CSRF token authenticity.
Completed 422 Unprocessable Entity in 1ms (Allocations: 226)



ActionController::InvalidAuthenticityToken - Can't verify CSRF token authenticity.:

Started POST "/__better_errors/b0481df1254a7134/variables" for ::1 at 2023-06-13 13:24:26 -0400
Started POST "/users" for ::1 at 2023-06-13 13:26:56 -0400
Processing by UsersController#create as HTML
  Parameters: {"users"=>{"email"=>"help"}}
Can't verify CSRF token authenticity.
Completed 422 Unprocessable Entity in 1ms (Allocations: 152)



ActionController::InvalidAuthenticityToken - Can't verify CSRF token authenticity.:

Started POST "/__better_errors/a92d2f4cc2ee18c7/variables" for ::1 at 2023-06-13 13:26:56 -0400
Started GET "/usersnew" for ::1 at 2023-06-13 13:26:59 -0400
  
ActionController::RoutingError (No route matches [GET] "/usersnew"):
  
Started GET "/users/new" for ::1 at 2023-06-13 13:27:03 -0400
Processing by UsersController#new as HTML
  Rendering layout layouts/application.html.erb
  Rendering users/new.html.erb within layouts/application
  Rendered users/new.html.erb within layouts/application (Duration: 3.7ms | Allocations: 548)
  Rendered layout layouts/application.html.erb (Duration: 9.8ms | Allocations: 1839)
Completed 200 OK in 16ms (Views: 15.1ms | Allocations: 2594)


Started GET "/users/new" for ::1 at 2023-06-13 13:27:23 -0400
Processing by UsersController#new as HTML
  Rendering layout layouts/application.html.erb
  Rendering users/new.html.erb within layouts/application
  Rendered users/new.html.erb within layouts/application (Duration: 2.5ms | Allocations: 532)
  Rendered layout layouts/application.html.erb (Duration: 7.3ms | Allocations: 1818)
Completed 200 OK in 12ms (Views: 11.1ms | Allocations: 2610)


Started GET "/users/new" for ::1 at 2023-06-13 13:27:23 -0400
Processing by UsersController#new as HTML
  Rendering layout layouts/application.html.erb
  Rendering users/new.html.erb within layouts/application
  Rendered users/new.html.erb within layouts/application (Duration: 1.4ms | Allocations: 304)
  Rendered layout layouts/application.html.erb (Duration: 5.4ms | Allocations: 1254)
Completed 200 OK in 7ms (Views: 6.6ms | Allocations: 1495)


Started GET "/users/new" for ::1 at 2023-06-13 13:27:55 -0400
Processing by UsersController#new as HTML
  Rendering layout layouts/application.html.erb
  Rendering users/new.html.erb within layouts/application
  Rendered users/new.html.erb within layouts/application (Duration: 2.4ms | Allocations: 540)
  Rendered layout layouts/application.html.erb (Duration: 7.4ms | Allocations: 1826)
Completed 200 OK in 12ms (Views: 11.3ms | Allocations: 2596)


Started POST "/users" for ::1 at 2023-06-13 13:27:56 -0400
Processing by UsersController#create as HTML
  Parameters: {"authenticity_token"=>"[FILTERED]", "users"=>{"email"=>"", "password"=>"[FILTERED]"}}
Can't verify CSRF token authenticity.
Completed 422 Unprocessable Entity in 1ms (Allocations: 160)



ActionController::InvalidAuthenticityToken - Can't verify CSRF token authenticity.:

Started POST "/__better_errors/375b703e54405b5c/variables" for ::1 at 2023-06-13 13:27:57 -0400
Started GET "/users/new" for ::1 at 2023-06-13 13:28:14 -0400
Processing by UsersController#new as HTML
  Rendering layout layouts/application.html.erb
  Rendering users/new.html.erb within layouts/application
  Rendered users/new.html.erb within layouts/application (Duration: 2.0ms | Allocations: 529)
  Rendered layout layouts/application.html.erb (Duration: 5.8ms | Allocations: 1815)
Completed 200 OK in 10ms (Views: 9.2ms | Allocations: 2611)


Started POST "/users" for ::1 at 2023-06-13 13:28:18 -0400
Processing by UsersController#create as HTML
  Parameters: {"authenticity_token"=>"[FILTERED]", "users"=>{"email"=>"j", "password"=>"[FILTERED]"}}
Can't verify CSRF token authenticity.
Completed 422 Unprocessable Entity in 1ms (Allocations: 159)



ActionController::InvalidAuthenticityToken - Can't verify CSRF token authenticity.:

Started POST "/__better_errors/e1bc58849b6c3e0e/variables" for ::1 at 2023-06-13 13:28:18 -0400
Started GET "/users/new" for ::1 at 2023-06-13 13:29:24 -0400
Processing by UsersController#new as HTML
  Rendering layout layouts/application.html.erb
  Rendering users/new.html.erb within layouts/application
  Rendered users/new.html.erb within layouts/application (Duration: 1.6ms | Allocations: 301)
  Rendered layout layouts/application.html.erb (Duration: 5.3ms | Allocations: 1251)
Completed 200 OK in 8ms (Views: 6.7ms | Allocations: 1492)


Started POST "/users" for ::1 at 2023-06-13 13:29:28 -0400
Processing by UsersController#create as HTML
  Parameters: {"authenticity_token"=>"[FILTERED]", "users"=>{"email"=>"j", "password"=>"[FILTERED]"}}
Can't verify CSRF token authenticity.
Completed 422 Unprocessable Entity in 1ms (Allocations: 150)



ActionController::InvalidAuthenticityToken - Can't verify CSRF token authenticity.:

Started POST "/__better_errors/b328677f43816c1d/variables" for ::1 at 2023-06-13 13:29:28 -0400
